('=', 1, ' ', 'f2')
('=', 1, ' ', 'b1')
('=', 1, ' ', 'a2')
('=', 1, ' ', 'a')
('=', 1, ' ', 'b2')
('=', 1, ' ', 'b')
('=', 1, ' ', 'f1')
('=', True, ' ', 'a2')
('=', True, ' ', 'b1')
('=', True, ' ', 'b2')
('==', 'f2', 3, 't0')
('&&', 'b1', 'a2', 't1')
('<=', 2, 3, 't2')
('&&', 't2', 't1', 't3')
('||', 't3', 't2', 't4')
('gotoc', 't4', 'L1')
('label', 'L1')
('=', 2, ' ', 'a')
('goto', 'L0')
('label', 'L0')
('==', 'a', 2, 't5')
('gotoc', 't5', 'L1')
('label', 'L1')
('=', 2, ' ', 'a')
('goto', 'L0')
('label', 'L0')
('==', 2, 3, 't6')
('gotoc', 't6', 'L1')
('goto', 'L2')
('label', 'L1')
('=', 2, ' ', 'a')
('label', 'L2')
('=', 0, ' ', 'c')
('label', 'L0')
('==', 'f2', 3, 't7')
('&&', 'b1', 'b2', 't8')
('||', 't8', 't7', 't9')
('*', 5, 11, 't10')
('-', 't10', 10, 't11')
('-', 255, 0.1, 't12')
('>=', 't12', 't11', 't13')
('||', 't13', 't12', 't14')
('gotoc', 't14', 'L1')
('goto', 'L2')
('label', 'L1')
('-', 'f2', 3, 't15')
('=', 't15', ' ', 'f2')
('label', 'L2')
('*', 'f1', 'f1', 't16')
('-', 't16', 10, 't17')
('=', 't17', ' ', 'f2')
('label', 'L0')
('gotoc', 't17', 'L1')
('goto', 'L2')
('label', 'L1')
('=', 'Y', ' ', 'var3')
('label', 'L2')
('=', 'N', ' ', 'var3')
('label', 'L0')
