('=', 2, ' ', 'a')
('=', 2, ' ', 'a1')
('=', 2, ' ', 'v')
('==', 'a', 2, 't0')
('gotoc', 't0', 'L1')
('label', 'L1')
('-', 'a', 2, 't1')
('=', 't1', ' ', 'a')
('==', 'a', 2, 't2')
('gotoc', 't2', 'L1')
('goto', 'L0')
('label', 'L0')
('gotoc', 't2', 'L1')
('label', 'L1')
('=', 2, ' ', 'a')
('&&', True, ('boolean', False), 't3')
('gotoc', 't3', 'L1')
('goto', 'L2')
('label', 'L1')
('=', 2, ' ', 'a1')
('label', 'L2')
('=', 9, ' ', 'v')
('label', 'L0')
('gotoc', 't3', 'L1')
('goto', 'L0')
('label', 'L0')
('=', 0, ' ', 'v1')
('=', 0, ' ', 'v2')
('<', 'v1', 10, 't4')
('gotoc', 't4', 'L1')
('label', 'L1')
('+', 'v2', 1, 't5')
('=', 't5', ' ', 'v2')
('*', 'v2', 2, 't6')
('=', 't6', ' ', 'v2')
('+', 'v1', 1, 't7')
('=', 't7', ' ', 'v1')
('<', 'v1', 10, 't8')
('gotoc', 't8', 'L1')
('goto', 'L0')
('label', 'L0')
